TN:
SF:src\core\Syml.ts
FN:16,(anonymous_2)
FN:41,(anonymous_4)
FN:56,(anonymous_5)
FN:69,(anonymous_6)
FN:93,(anonymous_7)
FN:112,(anonymous_8)
FN:122,(anonymous_9)
FN:132,(anonymous_10)
FN:142,(anonymous_11)
FN:146,(anonymous_12)
FNF:10
FNH:8
FNDA:1,(anonymous_2)
FNDA:1,(anonymous_4)
FNDA:0,(anonymous_5)
FNDA:8,(anonymous_6)
FNDA:1,(anonymous_7)
FNDA:1,(anonymous_8)
FNDA:8,(anonymous_9)
FNDA:1,(anonymous_10)
FNDA:11,(anonymous_11)
FNDA:0,(anonymous_12)
DA:2,1
DA:16,1
DA:24,1
DA:32,1
DA:41,1
DA:43,1
DA:56,1
DA:58,0
DA:59,0
DA:60,0
DA:69,1
DA:72,8
DA:74,0
DA:78,8
DA:84,0
DA:93,1
DA:96,1
DA:98,1
DA:102,0
DA:103,0
DA:112,1
DA:114,1
DA:122,1
DA:124,8
DA:132,1
DA:134,1
DA:142,1
DA:144,11
DA:146,11
DA:147,0
DA:148,0
DA:151,11
DA:153,1
LF:33
LH:24
BRDA:58,0,0,0
BRDA:58,0,1,0
BRDA:72,1,0,0
BRDA:72,1,1,8
BRDA:96,2,0,1
BRDA:96,2,1,0
BRF:6
BRH:2
end_of_record
TN:
SF:src\exceptions\AlreadyRegisteredTriggerException.ts
FN:13,(anonymous_6)
FN:29,AlreadyRegisteredTriggerException
FNF:2
FNH:1
FNDA:1,(anonymous_6)
FNDA:0,AlreadyRegisteredTriggerException
DA:1,1
DA:13,1
DA:20,1
DA:29,0
DA:31,0
DA:33,0
DA:34,0
DA:36,0
DA:38,0
DA:40,1
LF:10
LH:4
BRDA:33,0,0,0
BRDA:33,0,1,0
BRDA:38,1,0,0
BRDA:38,1,1,0
BRF:4
BRH:0
end_of_record
TN:
SF:src\exceptions\Exception.ts
FN:9,(anonymous_0)
FN:18,Exception
FNF:2
FNH:2
FNDA:1,(anonymous_0)
FNDA:1,Exception
DA:9,1
DA:20,1
DA:22,1
LF:3
LH:3
BRF:0
BRH:0
end_of_record
TN:
SF:src\exceptions\NoSuchTriggerException.ts
FN:13,(anonymous_6)
FN:28,NoSuchTriggerException
FNF:2
FNH:2
FNDA:1,(anonymous_6)
FNDA:1,NoSuchTriggerException
DA:1,1
DA:13,1
DA:19,1
DA:28,1
DA:30,1
DA:32,1
DA:33,0
DA:35,1
DA:37,1
DA:39,1
LF:10
LH:9
BRDA:32,0,0,0
BRDA:32,0,1,1
BRDA:37,1,0,1
BRDA:37,1,1,1
BRF:4
BRH:3
end_of_record
TN:
SF:src\exceptions\index.ts
FNF:0
FNH:0
DA:1,1
DA:2,1
DA:3,1
LF:3
LH:3
BRF:0
BRH:0
end_of_record
d_of_record
d_of_record
d_of_record
