TN:
SF:D:\Git\Syml\public\test.js
FN:1,(anonymous_0)
FN:1,r
FN:1,(anonymous_2)
FN:1,(anonymous_3)
FN:1,(anonymous_4)
FN:1,(anonymous_5)
FN:1,(anonymous_6)
FN:1,(anonymous_7)
FN:1,(anonymous_8)
FN:1,(anonymous_9)
FN:1,(anonymous_10)
FN:7,(anonymous_11)
FN:7,(anonymous_12)
FN:7,o
FN:7,(anonymous_14)
FN:24,(anonymous_15)
FN:52,(anonymous_16)
FN:58,(anonymous_17)
FN:58,(anonymous_18)
FN:58,(anonymous_19)
FN:58,(anonymous_20)
FN:63,(anonymous_21)
FN:63,(anonymous_22)
FN:63,(anonymous_23)
FN:68,(anonymous_24)
FN:68,(anonymous_25)
FN:68,(anonymous_26)
FN:68,(anonymous_27)
FN:68,e
FN:68,(anonymous_29)
FN:68,(anonymous_30)
FN:68,(anonymous_31)
FN:68,(anonymous_32)
FN:68,(anonymous_33)
FN:68,(anonymous_34)
FN:68,(anonymous_35)
FN:68,(anonymous_36)
FN:68,(anonymous_37)
FN:68,(anonymous_38)
FN:68,(anonymous_39)
FN:68,(anonymous_40)
FN:68,(anonymous_41)
FN:68,(anonymous_42)
FN:68,s
FN:68,(anonymous_44)
FN:68,(anonymous_45)
FN:68,(anonymous_46)
FN:68,(anonymous_47)
FN:68,(anonymous_48)
FN:68,n
FN:68,c
FN:68,(anonymous_51)
FN:68,(anonymous_52)
FN:68,(anonymous_53)
FN:68,(anonymous_54)
FN:68,(anonymous_55)
FN:68,n
FN:68,c
FN:68,(anonymous_58)
FN:68,(anonymous_59)
FN:68,(anonymous_60)
FN:68,(anonymous_61)
FN:68,(anonymous_62)
FN:68,(anonymous_63)
FN:68,(anonymous_64)
FN:68,(anonymous_65)
FN:68,O
FN:68,(anonymous_67)
FN:68,(anonymous_68)
FN:68,(anonymous_69)
FN:68,(anonymous_70)
FN:68,(anonymous_71)
FN:68,(anonymous_72)
FN:68,(anonymous_73)
FN:68,(anonymous_74)
FN:68,(anonymous_75)
FN:68,j
FN:68,S
FN:68,(anonymous_78)
FN:68,(anonymous_79)
FN:68,M
FN:68,E
FN:68,N
FN:68,P
FN:68,(anonymous_84)
FN:82,i
FN:82,r
FN:82,(anonymous_87)
FN:82,(anonymous_88)
FN:82,s
FN:97,(anonymous_90)
FN:97,(anonymous_91)
FN:103,(anonymous_92)
FN:103,(anonymous_93)
FN:112,(anonymous_94)
FN:112,(anonymous_95)
FN:112,(anonymous_96)
FN:112,(anonymous_97)
FN:118,(anonymous_98)
FN:118,n
FN:118,(anonymous_100)
FN:124,(anonymous_101)
FN:124,(anonymous_102)
FN:124,(anonymous_103)
FN:124,(anonymous_104)
FN:124,(anonymous_105)
FN:124,(anonymous_106)
FN:124,(anonymous_107)
FN:124,(anonymous_108)
FN:124,(anonymous_109)
FN:124,(anonymous_110)
FN:124,(anonymous_111)
FN:124,(anonymous_112)
FN:124,(anonymous_113)
FN:124,(anonymous_114)
FN:124,(anonymous_115)
FN:124,(anonymous_116)
FN:124,(anonymous_117)
FN:124,(anonymous_118)
FN:124,(anonymous_119)
FN:124,(anonymous_120)
FN:124,(anonymous_121)
FN:124,(anonymous_122)
FN:124,(anonymous_123)
FN:124,(anonymous_124)
FN:124,(anonymous_125)
FN:124,(anonymous_126)
FN:124,(anonymous_127)
FN:124,(anonymous_128)
FN:124,(anonymous_129)
FN:124,(anonymous_130)
FN:240,(anonymous_131)
FN:240,i
FN:240,s
FN:240,(anonymous_134)
FN:240,a
FN:240,o
FN:240,(anonymous_137)
FN:240,(anonymous_138)
FN:240,(anonymous_139)
FN:240,(anonymous_140)
FN:249,(anonymous_141)
FN:249,(anonymous_142)
FN:249,(anonymous_143)
FN:249,(anonymous_144)
FN:255,(anonymous_145)
FN:255,(anonymous_146)
FN:255,(anonymous_147)
FN:255,(anonymous_148)
FN:255,(anonymous_149)
FN:264,(anonymous_150)
FN:264,(anonymous_151)
FN:264,(anonymous_152)
FN:264,(anonymous_153)
FN:264,(anonymous_154)
FN:270,(anonymous_155)
FN:270,(anonymous_156)
FN:275,o
FN:275,(anonymous_158)
FN:275,(anonymous_159)
FN:283,p
FN:291,h
FN:294,d
FN:294,g
FN:306,r
FN:306,(anonymous_165)
FN:314,(anonymous_166)
FN:331,(anonymous_167)
FN:347,(anonymous_168)
FN:358,(anonymous_169)
FN:367,y
FN:367,(anonymous_171)
FN:367,(anonymous_172)
FN:375,b
FN:383,m
FN:383,(anonymous_175)
FN:389,w
FN:395,v
FN:395,i
FN:395,(anonymous_179)
FN:401,(anonymous_180)
FN:401,(anonymous_181)
FN:401,e
FN:401,(anonymous_183)
FN:407,(anonymous_184)
FN:407,(anonymous_185)
FN:407,(anonymous_186)
FN:413,(anonymous_187)
FN:413,(anonymous_188)
FN:413,e
FN:413,(anonymous_190)
FN:419,(anonymous_191)
FN:419,(anonymous_192)
FN:419,(anonymous_193)
FN:419,(anonymous_194)
FN:419,o
FN:428,(anonymous_196)
FN:428,(anonymous_197)
FN:428,(anonymous_198)
FN:428,(anonymous_199)
FN:428,(anonymous_200)
FN:428,(anonymous_201)
FN:428,(anonymous_202)
FN:434,(anonymous_203)
FN:434,(anonymous_204)
FN:434,(anonymous_205)
FN:434,(anonymous_206)
FN:443,(anonymous_207)
FN:443,(anonymous_208)
FN:452,(anonymous_209)
FN:452,(anonymous_210)
FN:452,r
FN:452,(anonymous_212)
FN:452,(anonymous_213)
FN:452,(anonymous_214)
FN:452,(anonymous_215)
FN:452,(anonymous_216)
FN:452,(anonymous_217)
FN:458,(anonymous_218)
FN:458,(anonymous_219)
FN:465,(anonymous_220)
FN:510,r
FN:510,(anonymous_222)
FN:510,(anonymous_223)
FN:510,(anonymous_224)
FN:510,(anonymous_225)
FN:510,(anonymous_226)
FN:510,(anonymous_227)
FN:510,(anonymous_228)
FN:510,(anonymous_229)
FN:510,(anonymous_230)
FN:510,(anonymous_231)
FN:510,(anonymous_232)
FN:518,(anonymous_233)
FN:518,(anonymous_234)
FN:518,(anonymous_235)
FN:525,(anonymous_236)
FN:525,t
FN:525,d
FN:525,n
FN:525,o
FN:525,(anonymous_241)
FN:525,(anonymous_242)
FN:525,(anonymous_243)
FN:525,(anonymous_244)
FN:525,r
FN:525,i
FN:525,s
FN:525,a
FN:525,c
FN:525,u
FN:525,f
FN:525,l
FN:525,p
FN:525,h
FN:525,g
FN:525,v
FN:525,x
FN:525,O
FN:525,j
FN:525,(anonymous_260)
FN:525,(anonymous_261)
FN:525,(anonymous_262)
FN:525,(anonymous_263)
FN:525,(anonymous_264)
FN:525,(anonymous_265)
FN:525,(anonymous_266)
FN:525,S
FN:525,M
FN:525,E
FN:525,N
FN:525,P
FN:525,k
FN:525,A
FN:525,(anonymous_274)
FN:525,(anonymous_275)
FN:525,(anonymous_276)
FN:525,(anonymous_277)
FN:525,(anonymous_278)
FN:525,(anonymous_279)
FN:525,(anonymous_280)
FN:525,(anonymous_281)
FN:525,(anonymous_282)
FN:525,(anonymous_283)
FN:525,(anonymous_284)
FN:525,(anonymous_285)
FN:525,(anonymous_286)
FN:525,(anonymous_287)
FN:525,(anonymous_288)
FN:525,(anonymous_289)
FN:525,(anonymous_290)
FN:525,(anonymous_291)
FN:525,(anonymous_292)
FN:525,(anonymous_293)
FN:525,(anonymous_294)
FN:525,(anonymous_295)
FN:525,(anonymous_296)
FN:525,(anonymous_297)
FN:525,(anonymous_298)
FN:525,(anonymous_299)
FN:525,(anonymous_300)
FN:525,(anonymous_301)
FN:525,(anonymous_302)
FN:525,(anonymous_303)
FN:531,(anonymous_304)
FN:531,(anonymous_305)
FN:531,(anonymous_306)
FN:531,(anonymous_307)
FN:537,(anonymous_308)
FN:537,t
FN:537,(anonymous_310)
FN:537,e
FN:537,(anonymous_312)
FN:537,(anonymous_313)
FN:537,(anonymous_314)
FN:537,(anonymous_315)
FN:537,(anonymous_316)
FN:537,(anonymous_317)
FN:537,(anonymous_318)
FN:537,(anonymous_319)
FN:543,(anonymous_320)
FN:547,(anonymous_321)
FN:550,(anonymous_322)
FN:550,(anonymous_323)
FN:550,(anonymous_324)
FN:550,(anonymous_325)
FN:550,(anonymous_326)
FN:550,(anonymous_327)
FN:550,(anonymous_328)
FN:550,(anonymous_329)
FN:550,(anonymous_330)
FN:550,(anonymous_331)
FN:550,(anonymous_332)
FN:550,(anonymous_333)
FN:550,(anonymous_334)
FN:550,(anonymous_335)
FN:550,(anonymous_336)
FN:550,(anonymous_337)
FN:550,(anonymous_338)
FN:550,(anonymous_339)
FN:550,(anonymous_340)
FN:550,(anonymous_341)
FN:550,(anonymous_342)
FN:550,(anonymous_343)
FN:550,(anonymous_344)
FN:550,(anonymous_345)
FN:550,(anonymous_346)
FN:550,(anonymous_347)
FN:550,(anonymous_348)
FN:550,(anonymous_349)
FN:550,(anonymous_350)
FN:550,(anonymous_351)
FN:550,(anonymous_352)
FN:550,(anonymous_353)
FN:550,(anonymous_354)
FN:550,(anonymous_355)
FN:550,(anonymous_356)
FN:550,(anonymous_357)
FN:550,(anonymous_358)
FN:550,(anonymous_359)
FN:550,(anonymous_360)
FN:550,(anonymous_361)
FN:550,(anonymous_362)
FN:550,(anonymous_363)
FN:550,(anonymous_364)
FN:550,(anonymous_365)
FN:550,(anonymous_366)
FN:550,(anonymous_367)
FN:550,(anonymous_368)
FN:550,(anonymous_369)
FN:550,(anonymous_370)
FN:550,(anonymous_371)
FN:550,(anonymous_372)
FN:550,(anonymous_373)
FN:550,(anonymous_374)
FN:550,(anonymous_375)
FN:550,(anonymous_376)
FN:550,(anonymous_377)
FN:550,(anonymous_378)
FN:550,(anonymous_379)
FN:550,(anonymous_380)
FN:550,(anonymous_381)
FN:550,(anonymous_382)
FN:550,(anonymous_383)
FN:550,(anonymous_384)
FN:550,(anonymous_385)
FN:550,(anonymous_386)
FN:550,(anonymous_387)
FN:550,(anonymous_388)
FN:550,(anonymous_389)
FN:550,(anonymous_390)
FN:550,(anonymous_391)
FN:550,(anonymous_392)
FN:550,(anonymous_393)
FN:550,(anonymous_394)
FN:550,(anonymous_395)
FN:550,(anonymous_396)
FN:550,(anonymous_397)
FN:550,(anonymous_398)
FN:550,(anonymous_399)
FN:550,(anonymous_400)
FN:550,(anonymous_401)
FN:550,(anonymous_402)
FN:550,(anonymous_403)
FN:550,(anonymous_404)
FN:550,(anonymous_405)
FN:550,(anonymous_406)
FN:550,(anonymous_407)
FN:550,(anonymous_408)
FN:550,(anonymous_409)
FN:550,(anonymous_410)
FN:550,(anonymous_411)
FN:550,(anonymous_412)
FN:550,(anonymous_413)
FN:550,(anonymous_414)
FN:550,(anonymous_415)
FN:550,(anonymous_416)
FN:550,(anonymous_417)
FN:550,(anonymous_418)
FN:550,(anonymous_419)
FN:550,(anonymous_420)
FN:550,(anonymous_421)
FN:550,(anonymous_422)
FN:550,(anonymous_423)
FN:550,(anonymous_424)
FN:550,(anonymous_425)
FN:550,(anonymous_426)
FN:550,(anonymous_427)
FN:550,(anonymous_428)
FN:550,(anonymous_429)
FN:550,(anonymous_430)
FN:550,(anonymous_431)
FN:550,(anonymous_432)
FN:550,(anonymous_433)
FN:550,(anonymous_434)
FN:550,(anonymous_435)
FN:550,(anonymous_436)
FN:550,(anonymous_437)
FN:550,(anonymous_438)
FN:550,(anonymous_439)
FN:550,(anonymous_440)
FN:550,(anonymous_441)
FN:565,(anonymous_442)
FN:565,(anonymous_443)
FN:565,(anonymous_444)
FN:565,(anonymous_445)
FN:565,(anonymous_446)
FN:565,(anonymous_447)
FN:565,(anonymous_448)
FN:565,(anonymous_449)
FN:565,(anonymous_450)
FN:569,e
FNF:452
FNH:126
FNDA:1,(anonymous_0)
FNDA:92,r
FNDA:0,(anonymous_2)
FNDA:0,(anonymous_3)
FNDA:0,(anonymous_4)
FNDA:0,(anonymous_5)
FNDA:0,(anonymous_6)
FNDA:0,(anonymous_7)
FNDA:0,(anonymous_8)
FNDA:0,(anonymous_9)
FNDA:1,(anonymous_10)
FNDA:217,(anonymous_11)
FNDA:1,(anonymous_12)
FNDA:1,o
FNDA:1,(anonymous_14)
FNDA:5,(anonymous_15)
FNDA:1,(anonymous_16)
FNDA:18,(anonymous_17)
FNDA:1,(anonymous_18)
FNDA:1,(anonymous_19)
FNDA:1,(anonymous_20)
FNDA:82,(anonymous_21)
FNDA:1,(anonymous_22)
FNDA:0,(anonymous_23)
FNDA:47,(anonymous_24)
FNDA:0,(anonymous_25)
FNDA:1,(anonymous_26)
FNDA:76,(anonymous_27)
FNDA:189,e
FNDA:0,(anonymous_29)
FNDA:0,(anonymous_30)
FNDA:1,(anonymous_31)
FNDA:1,(anonymous_32)
FNDA:0,(anonymous_33)
FNDA:1,(anonymous_34)
FNDA:0,(anonymous_35)
FNDA:8,(anonymous_36)
FNDA:1,(anonymous_37)
FNDA:1,(anonymous_38)
FNDA:8,(anonymous_39)
FNDA:1,(anonymous_40)
FNDA:11,(anonymous_41)
FNDA:0,(anonymous_42)
FNDA:0,s
FNDA:1,(anonymous_44)
FNDA:1,(anonymous_45)
FNDA:0,(anonymous_46)
FNDA:0,(anonymous_47)
FNDA:1,(anonymous_48)
FNDA:1,n
FNDA:0,c
FNDA:1,(anonymous_51)
FNDA:1,(anonymous_52)
FNDA:0,(anonymous_53)
FNDA:0,(anonymous_54)
FNDA:1,(anonymous_55)
FNDA:1,n
FNDA:1,c
FNDA:1,(anonymous_58)
FNDA:1,(anonymous_59)
FNDA:1,(anonymous_60)
FNDA:2,(anonymous_61)
FNDA:1,(anonymous_62)
FNDA:0,(anonymous_63)
FNDA:0,(anonymous_64)
FNDA:0,(anonymous_65)
FNDA:0,O
FNDA:0,(anonymous_67)
FNDA:0,(anonymous_68)
FNDA:0,(anonymous_69)
FNDA:0,(anonymous_70)
FNDA:0,(anonymous_71)
FNDA:0,(anonymous_72)
FNDA:0,(anonymous_73)
FNDA:0,(anonymous_74)
FNDA:0,(anonymous_75)
FNDA:0,j
FNDA:0,S
FNDA:0,(anonymous_78)
FNDA:0,(anonymous_79)
FNDA:0,M
FNDA:0,E
FNDA:0,N
FNDA:0,P
FNDA:1,(anonymous_84)
FNDA:0,i
FNDA:0,r
FNDA:0,(anonymous_87)
FNDA:0,(anonymous_88)
FNDA:0,s
FNDA:0,(anonymous_90)
FNDA:1,(anonymous_91)
FNDA:0,(anonymous_92)
FNDA:1,(anonymous_93)
FNDA:0,(anonymous_94)
FNDA:1,(anonymous_95)
FNDA:0,(anonymous_96)
FNDA:1,(anonymous_97)
FNDA:0,(anonymous_98)
FNDA:0,n
FNDA:1,(anonymous_100)
FNDA:0,(anonymous_101)
FNDA:0,(anonymous_102)
FNDA:1,(anonymous_103)
FNDA:0,(anonymous_104)
FNDA:1,(anonymous_105)
FNDA:11,(anonymous_106)
FNDA:1,(anonymous_107)
FNDA:1,(anonymous_108)
FNDA:1,(anonymous_109)
FNDA:1,(anonymous_110)
FNDA:1,(anonymous_111)
FNDA:0,(anonymous_112)
FNDA:1,(anonymous_113)
FNDA:1,(anonymous_114)
FNDA:0,(anonymous_115)
FNDA:1,(anonymous_116)
FNDA:1,(anonymous_117)
FNDA:1,(anonymous_118)
FNDA:1,(anonymous_119)
FNDA:1,(anonymous_120)
FNDA:1,(anonymous_121)
FNDA:1,(anonymous_122)
FNDA:1,(anonymous_123)
FNDA:1,(anonymous_124)
FNDA:1,(anonymous_125)
FNDA:1,(anonymous_126)
FNDA:1,(anonymous_127)
FNDA:1,(anonymous_128)
FNDA:1,(anonymous_129)
FNDA:1,(anonymous_130)
FNDA:1,(anonymous_131)
FNDA:0,i
FNDA:0,s
FNDA:0,(anonymous_134)
FNDA:0,a
FNDA:0,o
FNDA:0,(anonymous_137)
FNDA:0,(anonymous_138)
FNDA:0,(anonymous_139)
FNDA:1,(anonymous_140)
FNDA:12,(anonymous_141)
FNDA:1,(anonymous_142)
FNDA:1,(anonymous_143)
FNDA:1,(anonymous_144)
FNDA:0,(anonymous_145)
FNDA:0,(anonymous_146)
FNDA:0,(anonymous_147)
FNDA:0,(anonymous_148)
FNDA:1,(anonymous_149)
FNDA:0,(anonymous_150)
FNDA:0,(anonymous_151)
FNDA:0,(anonymous_152)
FNDA:0,(anonymous_153)
FNDA:1,(anonymous_154)
FNDA:0,(anonymous_155)
FNDA:1,(anonymous_156)
FNDA:0,o
FNDA:0,(anonymous_158)
FNDA:0,(anonymous_159)
FNDA:0,p
FNDA:0,h
FNDA:0,d
FNDA:0,g
FNDA:0,r
FNDA:0,(anonymous_165)
FNDA:0,(anonymous_166)
FNDA:0,(anonymous_167)
FNDA:0,(anonymous_168)
FNDA:0,(anonymous_169)
FNDA:0,y
FNDA:0,(anonymous_171)
FNDA:0,(anonymous_172)
FNDA:0,b
FNDA:0,m
FNDA:0,(anonymous_175)
FNDA:0,w
FNDA:0,v
FNDA:0,i
FNDA:1,(anonymous_179)
FNDA:38,(anonymous_180)
FNDA:5,(anonymous_181)
FNDA:6,e
FNDA:1,(anonymous_183)
FNDA:46,(anonymous_184)
FNDA:10,(anonymous_185)
FNDA:1,(anonymous_186)
FNDA:0,(anonymous_187)
FNDA:0,(anonymous_188)
FNDA:0,e
FNDA:1,(anonymous_190)
FNDA:0,(anonymous_191)
FNDA:0,(anonymous_192)
FNDA:0,(anonymous_193)
FNDA:1,(anonymous_194)
FNDA:0,o
FNDA:5,(anonymous_196)
FNDA:8,(anonymous_197)
FNDA:1,(anonymous_198)
FNDA:1,(anonymous_199)
FNDA:1,(anonymous_200)
FNDA:0,(anonymous_201)
FNDA:1,(anonymous_202)
FNDA:0,(anonymous_203)
FNDA:0,(anonymous_204)
FNDA:0,(anonymous_205)
FNDA:1,(anonymous_206)
FNDA:0,(anonymous_207)
FNDA:1,(anonymous_208)
FNDA:0,(anonymous_209)
FNDA:1,(anonymous_210)
FNDA:0,r
FNDA:0,(anonymous_212)
FNDA:0,(anonymous_213)
FNDA:0,(anonymous_214)
FNDA:0,(anonymous_215)
FNDA:1,(anonymous_216)
FNDA:1,(anonymous_217)
FNDA:0,(anonymous_218)
FNDA:1,(anonymous_219)
FNDA:1,(anonymous_220)
FNDA:29,r
FNDA:0,(anonymous_222)
FNDA:0,(anonymous_223)
FNDA:0,(anonymous_224)
FNDA:0,(anonymous_225)
FNDA:38,(anonymous_226)
FNDA:46,(anonymous_227)
FNDA:8,(anonymous_228)
FNDA:0,(anonymous_229)
FNDA:0,(anonymous_230)
FNDA:0,(anonymous_231)
FNDA:12,(anonymous_232)
FNDA:9,(anonymous_233)
FNDA:0,(anonymous_234)
FNDA:1,(anonymous_235)
FNDA:1,(anonymous_236)
FNDA:1,t
FNDA:0,d
FNDA:0,n
FNDA:0,o
FNDA:0,(anonymous_241)
FNDA:0,(anonymous_242)
FNDA:0,(anonymous_243)
FNDA:0,(anonymous_244)
FNDA:0,r
FNDA:9,i
FNDA:0,s
FNDA:0,a
FNDA:0,c
FNDA:0,u
FNDA:0,f
FNDA:0,l
FNDA:0,p
FNDA:0,h
FNDA:0,g
FNDA:0,v
FNDA:0,x
FNDA:0,O
FNDA:0,j
FNDA:0,(anonymous_260)
FNDA:0,(anonymous_261)
FNDA:0,(anonymous_262)
FNDA:0,(anonymous_263)
FNDA:0,(anonymous_264)
FNDA:0,(anonymous_265)
FNDA:0,(anonymous_266)
FNDA:1,S
FNDA:0,M
FNDA:0,E
FNDA:0,N
FNDA:0,P
FNDA:0,k
FNDA:0,A
FNDA:16,(anonymous_274)
FNDA:0,(anonymous_275)
FNDA:0,(anonymous_276)
FNDA:0,(anonymous_277)
FNDA:0,(anonymous_278)
FNDA:0,(anonymous_279)
FNDA:0,(anonymous_280)
FNDA:0,(anonymous_281)
FNDA:0,(anonymous_282)
FNDA:0,(anonymous_283)
FNDA:0,(anonymous_284)
FNDA:0,(anonymous_285)
FNDA:0,(anonymous_286)
FNDA:0,(anonymous_287)
FNDA:0,(anonymous_288)
FNDA:1,(anonymous_289)
FNDA:0,(anonymous_290)
FNDA:0,(anonymous_291)
FNDA:0,(anonymous_292)
FNDA:0,(anonymous_293)
FNDA:0,(anonymous_294)
FNDA:0,(anonymous_295)
FNDA:0,(anonymous_296)
FNDA:0,(anonymous_297)
FNDA:0,(anonymous_298)
FNDA:0,(anonymous_299)
FNDA:0,(anonymous_300)
FNDA:0,(anonymous_301)
FNDA:0,(anonymous_302)
FNDA:1,(anonymous_303)
FNDA:1,(anonymous_304)
FNDA:11,(anonymous_305)
FNDA:0,(anonymous_306)
FNDA:1,(anonymous_307)
FNDA:1,(anonymous_308)
FNDA:0,t
FNDA:0,(anonymous_310)
FNDA:0,e
FNDA:0,(anonymous_312)
FNDA:0,(anonymous_313)
FNDA:0,(anonymous_314)
FNDA:0,(anonymous_315)
FNDA:0,(anonymous_316)
FNDA:0,(anonymous_317)
FNDA:0,(anonymous_318)
FNDA:1,(anonymous_319)
FNDA:1,(anonymous_320)
FNDA:0,(anonymous_321)
FNDA:0,(anonymous_322)
FNDA:0,(anonymous_323)
FNDA:0,(anonymous_324)
FNDA:0,(anonymous_325)
FNDA:0,(anonymous_326)
FNDA:0,(anonymous_327)
FNDA:0,(anonymous_328)
FNDA:0,(anonymous_329)
FNDA:0,(anonymous_330)
FNDA:0,(anonymous_331)
FNDA:0,(anonymous_332)
FNDA:0,(anonymous_333)
FNDA:0,(anonymous_334)
FNDA:0,(anonymous_335)
FNDA:0,(anonymous_336)
FNDA:0,(anonymous_337)
FNDA:0,(anonymous_338)
FNDA:0,(anonymous_339)
FNDA:0,(anonymous_340)
FNDA:0,(anonymous_341)
FNDA:0,(anonymous_342)
FNDA:0,(anonymous_343)
FNDA:0,(anonymous_344)
FNDA:0,(anonymous_345)
FNDA:0,(anonymous_346)
FNDA:0,(anonymous_347)
FNDA:0,(anonymous_348)
FNDA:0,(anonymous_349)
FNDA:0,(anonymous_350)
FNDA:0,(anonymous_351)
FNDA:0,(anonymous_352)
FNDA:0,(anonymous_353)
FNDA:0,(anonymous_354)
FNDA:0,(anonymous_355)
FNDA:0,(anonymous_356)
FNDA:0,(anonymous_357)
FNDA:0,(anonymous_358)
FNDA:0,(anonymous_359)
FNDA:0,(anonymous_360)
FNDA:0,(anonymous_361)
FNDA:0,(anonymous_362)
FNDA:0,(anonymous_363)
FNDA:0,(anonymous_364)
FNDA:0,(anonymous_365)
FNDA:0,(anonymous_366)
FNDA:0,(anonymous_367)
FNDA:0,(anonymous_368)
FNDA:0,(anonymous_369)
FNDA:0,(anonymous_370)
FNDA:0,(anonymous_371)
FNDA:0,(anonymous_372)
FNDA:0,(anonymous_373)
FNDA:0,(anonymous_374)
FNDA:0,(anonymous_375)
FNDA:0,(anonymous_376)
FNDA:0,(anonymous_377)
FNDA:0,(anonymous_378)
FNDA:0,(anonymous_379)
FNDA:0,(anonymous_380)
FNDA:0,(anonymous_381)
FNDA:0,(anonymous_382)
FNDA:0,(anonymous_383)
FNDA:0,(anonymous_384)
FNDA:0,(anonymous_385)
FNDA:0,(anonymous_386)
FNDA:0,(anonymous_387)
FNDA:0,(anonymous_388)
FNDA:0,(anonymous_389)
FNDA:0,(anonymous_390)
FNDA:0,(anonymous_391)
FNDA:0,(anonymous_392)
FNDA:0,(anonymous_393)
FNDA:0,(anonymous_394)
FNDA:0,(anonymous_395)
FNDA:0,(anonymous_396)
FNDA:0,(anonymous_397)
FNDA:0,(anonymous_398)
FNDA:0,(anonymous_399)
FNDA:0,(anonymous_400)
FNDA:0,(anonymous_401)
FNDA:0,(anonymous_402)
FNDA:0,(anonymous_403)
FNDA:0,(anonymous_404)
FNDA:0,(anonymous_405)
FNDA:0,(anonymous_406)
FNDA:0,(anonymous_407)
FNDA:0,(anonymous_408)
FNDA:0,(anonymous_409)
FNDA:0,(anonymous_410)
FNDA:0,(anonymous_411)
FNDA:0,(anonymous_412)
FNDA:0,(anonymous_413)
FNDA:0,(anonymous_414)
FNDA:0,(anonymous_415)
FNDA:0,(anonymous_416)
FNDA:0,(anonymous_417)
FNDA:0,(anonymous_418)
FNDA:0,(anonymous_419)
FNDA:0,(anonymous_420)
FNDA:0,(anonymous_421)
FNDA:0,(anonymous_422)
FNDA:0,(anonymous_423)
FNDA:0,(anonymous_424)
FNDA:0,(anonymous_425)
FNDA:0,(anonymous_426)
FNDA:0,(anonymous_427)
FNDA:0,(anonymous_428)
FNDA:0,(anonymous_429)
FNDA:0,(anonymous_430)
FNDA:0,(anonymous_431)
FNDA:0,(anonymous_432)
FNDA:0,(anonymous_433)
FNDA:0,(anonymous_434)
FNDA:0,(anonymous_435)
FNDA:0,(anonymous_436)
FNDA:0,(anonymous_437)
FNDA:0,(anonymous_438)
FNDA:0,(anonymous_439)
FNDA:0,(anonymous_440)
FNDA:0,(anonymous_441)
FNDA:0,(anonymous_442)
FNDA:0,(anonymous_443)
FNDA:0,(anonymous_444)
FNDA:0,(anonymous_445)
FNDA:0,(anonymous_446)
FNDA:0,(anonymous_447)
FNDA:0,(anonymous_448)
FNDA:0,(anonymous_449)
FNDA:0,(anonymous_450)
FNDA:12,e
DA:1,92
DA:7,217
DA:13,1
DA:16,1
DA:24,5
DA:32,1
DA:36,1
DA:40,1
DA:44,1
DA:48,1
DA:52,1
DA:58,72
DA:63,82
DA:68,189
DA:82,0
DA:89,1
DA:97,0
DA:103,1
DA:112,1
DA:118,1
DA:124,11
DA:133,1
DA:136,1
DA:240,1
DA:249,12
DA:255,1
DA:264,1
DA:270,1
DA:275,1
DA:283,0
DA:291,0
DA:294,0
DA:306,0
DA:314,0
DA:331,0
DA:337,0
DA:347,0
DA:358,0
DA:367,0
DA:375,0
DA:383,0
DA:389,0
DA:395,1
DA:401,38
DA:407,46
DA:413,1
DA:419,1
DA:428,8
DA:434,1
DA:443,1
DA:452,1
DA:458,0
DA:465,1
DA:469,1
DA:510,46
DA:518,9
DA:525,16
DA:531,11
DA:537,1
DA:543,1
DA:547,1
DA:550,1
DA:565,0
DA:569,12
LF:64
LH:47
BRDA:1,0,0,47
BRDA:1,0,1,45
BRDA:1,1,0,0
BRDA:1,1,1,0
BRDA:1,2,0,0
BRDA:1,2,1,0
BRDA:1,2,2,0
BRDA:1,3,0,0
BRDA:1,3,1,0
BRDA:1,4,0,0
BRDA:1,4,1,0
BRDA:1,5,0,0
BRDA:1,5,1,0
BRDA:1,6,0,0
BRDA:1,6,1,0
BRDA:1,6,2,0
BRDA:1,6,3,0
BRDA:1,7,0,0
BRDA:1,7,1,0
BRDA:1,8,0,0
BRDA:1,8,1,0
BRDA:1,9,0,0
BRDA:1,9,1,0
BRDA:1,10,0,0
BRDA:1,10,1,0
BRDA:7,11,0,217
BRDA:7,11,1,29
BRDA:7,12,0,75
BRDA:7,12,1,142
BRDA:24,13,0,5
BRDA:24,13,1,5
BRDA:58,14,0,18
BRDA:58,14,1,0
BRDA:58,15,0,18
BRDA:58,15,1,0
BRDA:58,16,0,18
BRDA:58,16,1,0
BRDA:58,17,0,72
BRDA:58,17,1,0
BRDA:58,17,2,0
BRDA:58,17,3,0
BRDA:58,17,4,0
BRDA:58,17,5,72
BRDA:63,18,0,82
BRDA:63,18,1,82
BRDA:63,18,2,82
BRDA:68,19,0,47
BRDA:68,19,1,47
BRDA:68,20,0,0
BRDA:68,20,1,0
BRDA:68,21,0,76
BRDA:68,21,1,0
BRDA:68,22,0,189
BRDA:68,22,1,0
BRDA:68,23,0,189
BRDA:68,23,1,189
BRDA:68,23,2,189
BRDA:68,24,0,189
BRDA:68,24,1,17
BRDA:68,24,2,15
BRDA:68,25,0,0
BRDA:68,25,1,0
BRDA:68,26,0,0
BRDA:68,26,1,0
BRDA:68,27,0,0
BRDA:68,27,1,0
BRDA:68,28,0,0
BRDA:68,28,1,0
BRDA:68,29,0,0
BRDA:68,29,1,0
BRDA:68,30,0,0
BRDA:68,30,1,0
BRDA:68,31,0,0
BRDA:68,31,1,0
BRDA:68,32,0,0
BRDA:68,32,1,0
BRDA:68,33,0,1
BRDA:68,33,1,1
BRDA:68,33,2,1
BRDA:68,34,0,1
BRDA:68,34,1,0
BRDA:68,35,0,0
BRDA:68,35,1,0
BRDA:68,36,0,0
BRDA:68,36,1,0
BRDA:68,37,0,0
BRDA:68,37,1,8
BRDA:68,38,0,1
BRDA:68,38,1,0
BRDA:68,39,0,1
BRDA:68,39,1,1
BRDA:68,39,2,1
BRDA:68,40,0,1
BRDA:68,40,1,0
BRDA:68,40,2,0
BRDA:68,40,3,0
BRDA:68,41,0,0
BRDA:68,41,1,0
BRDA:68,42,0,0
BRDA:68,42,1,1
BRDA:68,43,0,0
BRDA:68,43,1,0
BRDA:68,44,0,0
BRDA:68,44,1,0
BRDA:68,45,0,1
BRDA:68,45,1,1
BRDA:68,45,2,1
BRDA:68,46,0,1
BRDA:68,46,1,0
BRDA:68,46,2,0
BRDA:68,46,3,0
BRDA:68,47,0,0
BRDA:68,47,1,0
BRDA:68,48,0,0
BRDA:68,48,1,1
BRDA:68,49,0,0
BRDA:68,49,1,1
BRDA:68,50,0,1
BRDA:68,50,1,1
BRDA:68,51,0,0
BRDA:68,51,1,1
BRDA:68,52,0,1
BRDA:68,52,1,1
BRDA:68,53,0,1
BRDA:68,53,1,1
BRDA:68,54,0,1
BRDA:68,54,1,1
BRDA:68,55,0,1
BRDA:68,55,1,1
BRDA:68,56,0,1
BRDA:68,56,1,1
BRDA:68,57,0,1
BRDA:68,57,1,1
BRDA:68,58,0,1
BRDA:68,58,1,1
BRDA:68,59,0,1
BRDA:68,59,1,1
BRDA:68,60,0,1
BRDA:68,60,1,1
BRDA:68,61,0,1
BRDA:68,61,1,1
BRDA:68,62,0,1
BRDA:68,62,1,1
BRDA:68,63,0,0
BRDA:68,63,1,1
BRDA:68,64,0,0
BRDA:68,64,1,1
BRDA:68,65,0,0
BRDA:68,65,1,1
BRDA:68,66,0,1
BRDA:68,66,1,0
BRDA:68,66,2,0
BRDA:68,67,0,0
BRDA:68,67,1,1
BRDA:68,68,0,1
BRDA:68,68,1,0
BRDA:68,69,0,0
BRDA:68,69,1,0
BRDA:68,70,0,0
BRDA:68,70,1,0
BRDA:68,71,0,0
BRDA:68,71,1,0
BRDA:68,72,0,0
BRDA:68,72,1,0
BRDA:68,73,0,0
BRDA:68,73,1,0
BRDA:68,74,0,0
BRDA:68,74,1,0
BRDA:68,75,0,0
BRDA:68,75,1,0
BRDA:68,76,0,0
BRDA:68,76,1,0
BRDA:68,77,0,0
BRDA:68,77,1,0
BRDA:68,78,0,0
BRDA:68,78,1,0
BRDA:68,79,0,0
BRDA:68,79,1,0
BRDA:68,79,2,0
BRDA:68,80,0,0
BRDA:68,80,1,0
BRDA:68,81,0,0
BRDA:68,81,1,0
BRDA:68,82,0,0
BRDA:68,82,1,0
BRDA:68,83,0,1
BRDA:68,83,1,1
BRDA:68,84,0,0
BRDA:68,84,1,1
BRDA:68,85,0,0
BRDA:68,85,1,1
BRDA:68,86,0,0
BRDA:68,86,1,1
BRDA:68,87,0,0
BRDA:68,87,1,1
BRDA:68,88,0,1
BRDA:68,88,1,1
BRDA:68,89,0,0
BRDA:68,89,1,1
BRDA:68,90,0,1
BRDA:68,90,1,1
BRDA:68,91,0,0
BRDA:68,91,1,1
BRDA:68,92,0,1
BRDA:68,92,1,1
BRDA:68,93,0,0
BRDA:68,93,1,1
BRDA:68,94,0,1
BRDA:68,94,1,1
BRDA:68,95,0,0
BRDA:68,95,1,1
BRDA:68,96,0,1
BRDA:68,96,1,1
BRDA:68,97,0,0
BRDA:68,97,1,1
BRDA:68,98,0,1
BRDA:68,98,1,1
BRDA:68,99,0,0
BRDA:68,99,1,1
BRDA:68,100,0,1
BRDA:68,100,1,1
BRDA:68,101,0,0
BRDA:68,101,1,1
BRDA:68,102,0,1
BRDA:68,102,1,1
BRDA:68,103,0,0
BRDA:68,103,1,1
BRDA:68,104,0,1
BRDA:68,104,1,1
BRDA:68,105,0,0
BRDA:68,105,1,1
BRDA:68,106,0,1
BRDA:68,106,1,1
BRDA:68,107,0,1
BRDA:68,107,1,0
BRDA:68,108,0,0
BRDA:68,108,1,0
BRDA:68,109,0,0
BRDA:68,109,1,0
BRDA:68,110,0,0
BRDA:68,110,1,0
BRDA:68,110,2,0
BRDA:68,110,3,0
BRDA:68,110,4,0
BRDA:68,111,0,0
BRDA:68,111,1,0
BRDA:68,112,0,0
BRDA:68,112,1,0
BRDA:68,112,2,0
BRDA:68,112,3,0
BRDA:68,112,4,0
BRDA:68,113,0,0
BRDA:68,113,1,0
BRDA:68,114,0,0
BRDA:68,114,1,0
BRDA:68,114,2,0
BRDA:68,114,3,0
BRDA:68,114,4,0
BRDA:68,115,0,0
BRDA:68,115,1,0
BRDA:68,116,0,0
BRDA:68,116,1,0
BRDA:68,117,0,0
BRDA:68,117,1,0
BRDA:68,118,0,0
BRDA:68,118,1,0
BRDA:68,119,0,0
BRDA:68,119,1,0
BRDA:68,120,0,0
BRDA:68,120,1,0
BRDA:68,121,0,0
BRDA:68,121,1,0
BRDA:68,122,0,0
BRDA:68,122,1,0
BRDA:68,123,0,0
BRDA:68,123,1,0
BRDA:68,124,0,0
BRDA:68,124,1,0
BRDA:68,124,2,0
BRDA:68,124,3,0
BRDA:68,124,4,0
BRDA:68,124,5,0
BRDA:68,124,6,0
BRDA:68,125,0,0
BRDA:68,125,1,0
BRDA:68,126,0,0
BRDA:68,126,1,0
BRDA:68,127,0,0
BRDA:68,127,1,0
BRDA:68,128,0,0
BRDA:68,128,1,0
BRDA:68,129,0,0
BRDA:68,129,1,0
BRDA:68,130,0,0
BRDA:68,130,1,0
BRDA:68,131,0,0
BRDA:68,131,1,0
BRDA:68,132,0,0
BRDA:68,132,1,0
BRDA:68,133,0,0
BRDA:68,133,1,0
BRDA:68,134,0,0
BRDA:68,134,1,0
BRDA:68,134,2,0
BRDA:68,135,0,0
BRDA:68,135,1,0
BRDA:68,136,0,0
BRDA:68,136,1,0
BRDA:68,137,0,0
BRDA:68,137,1,0
BRDA:68,138,0,0
BRDA:68,138,1,0
BRDA:68,139,0,0
BRDA:68,139,1,0
BRDA:68,140,0,0
BRDA:68,140,1,0
BRDA:68,140,2,0
BRDA:68,141,0,0
BRDA:68,141,1,0
BRDA:68,142,0,0
BRDA:68,142,1,0
BRDA:68,143,0,0
BRDA:68,143,1,0
BRDA:68,144,0,0
BRDA:68,144,1,0
BRDA:68,145,0,0
BRDA:68,145,1,0
BRDA:68,146,0,0
BRDA:68,146,1,0
BRDA:68,147,0,0
BRDA:68,147,1,0
BRDA:68,148,0,0
BRDA:68,148,1,0
BRDA:68,149,0,0
BRDA:68,149,1,0
BRDA:68,150,0,0
BRDA:68,150,1,0
BRDA:68,151,0,0
BRDA:68,151,1,0
BRDA:68,152,0,0
BRDA:68,152,1,0
BRDA:68,153,0,0
BRDA:68,153,1,0
BRDA:68,154,0,0
BRDA:68,154,1,0
BRDA:68,155,0,0
BRDA:68,155,1,0
BRDA:68,156,0,0
BRDA:68,156,1,0
BRDA:68,157,0,0
BRDA:68,157,1,0
BRDA:68,158,0,0
BRDA:68,158,1,0
BRDA:68,159,0,0
BRDA:68,159,1,0
BRDA:68,160,0,0
BRDA:68,160,1,0
BRDA:68,161,0,0
BRDA:68,161,1,0
BRDA:68,162,0,0
BRDA:68,162,1,0
BRDA:68,163,0,0
BRDA:68,163,1,0
BRDA:68,164,0,0
BRDA:68,164,1,0
BRDA:68,165,0,0
BRDA:68,165,1,0
BRDA:68,166,0,0
BRDA:68,166,1,0
BRDA:68,167,0,0
BRDA:68,167,1,0
BRDA:82,168,0,0
BRDA:82,168,1,0
BRDA:82,169,0,0
BRDA:82,169,1,0
BRDA:82,170,0,0
BRDA:82,170,1,0
BRDA:82,171,0,0
BRDA:82,171,1,0
BRDA:82,172,0,0
BRDA:82,172,1,0
BRDA:97,173,0,0
BRDA:97,173,1,0
BRDA:97,173,2,0
BRDA:103,174,0,0
BRDA:103,174,1,0
BRDA:112,175,0,0
BRDA:112,175,1,0
BRDA:112,176,0,0
BRDA:112,176,1,0
BRDA:112,177,0,0
BRDA:112,177,1,0
BRDA:112,178,0,0
BRDA:112,178,1,0
BRDA:112,179,0,0
BRDA:112,179,1,0
BRDA:112,180,0,0
BRDA:112,180,1,0
BRDA:112,181,0,0
BRDA:112,181,1,0
BRDA:112,182,0,0
BRDA:112,182,1,0
BRDA:112,183,0,0
BRDA:112,183,1,0
BRDA:112,184,0,0
BRDA:112,184,1,0
BRDA:112,185,0,0
BRDA:112,185,1,0
BRDA:112,186,0,0
BRDA:112,186,1,0
BRDA:118,187,0,0
BRDA:118,187,1,0
BRDA:124,188,0,0
BRDA:124,188,1,0
BRDA:240,189,0,0
BRDA:240,189,1,0
BRDA:240,190,0,0
BRDA:240,190,1,0
BRDA:240,191,0,0
BRDA:240,191,1,0
BRDA:240,192,0,0
BRDA:240,192,1,0
BRDA:240,193,0,0
BRDA:240,193,1,0
BRDA:240,194,0,0
BRDA:240,194,1,0
BRDA:240,195,0,0
BRDA:240,195,1,0
BRDA:240,196,0,0
BRDA:240,196,1,0
BRDA:240,197,0,0
BRDA:240,197,1,0
BRDA:240,198,0,0
BRDA:240,198,1,0
BRDA:240,199,0,0
BRDA:240,199,1,0
BRDA:240,200,0,0
BRDA:240,200,1,0
BRDA:240,201,0,0
BRDA:240,201,1,0
BRDA:240,202,0,0
BRDA:240,202,1,0
BRDA:240,203,0,0
BRDA:240,203,1,0
BRDA:240,204,0,0
BRDA:240,204,1,0
BRDA:249,205,0,0
BRDA:249,205,1,12
BRDA:249,206,0,1
BRDA:249,206,1,0
BRDA:249,207,0,0
BRDA:249,207,1,0
BRDA:255,208,0,0
BRDA:255,208,1,0
BRDA:255,209,0,0
BRDA:255,209,1,0
BRDA:255,210,0,0
BRDA:255,210,1,0
BRDA:255,211,0,0
BRDA:255,211,1,0
BRDA:255,212,0,0
BRDA:255,212,1,0
BRDA:264,213,0,0
BRDA:264,213,1,0
BRDA:264,214,0,0
BRDA:264,214,1,0
BRDA:264,215,0,0
BRDA:264,215,1,0
BRDA:264,216,0,0
BRDA:264,216,1,0
BRDA:275,217,0,0
BRDA:275,217,1,0
BRDA:275,218,0,1
BRDA:275,218,1,0
BRDA:283,219,0,0
BRDA:283,219,1,0
BRDA:283,220,0,0
BRDA:283,220,1,0
BRDA:283,220,2,0
BRDA:283,221,0,0
BRDA:283,221,1,0
BRDA:283,222,0,0
BRDA:283,222,1,0
BRDA:291,223,0,0
BRDA:291,223,1,0
BRDA:291,224,0,0
BRDA:291,224,1,0
BRDA:291,224,2,0
BRDA:291,225,0,0
BRDA:291,225,1,0
BRDA:294,226,0,0
BRDA:294,226,1,0
BRDA:294,227,0,0
BRDA:294,227,1,0
BRDA:294,228,0,0
BRDA:294,228,1,0
BRDA:294,229,0,0
BRDA:294,229,1,0
BRDA:294,230,0,0
BRDA:294,230,1,0
BRDA:294,231,0,0
BRDA:294,231,1,0
BRDA:294,231,2,0
BRDA:294,231,3,0
BRDA:294,231,4,0
BRDA:306,232,0,0
BRDA:306,232,1,0
BRDA:306,233,0,0
BRDA:306,233,1,0
BRDA:306,233,2,0
BRDA:306,234,0,0
BRDA:306,234,1,0
BRDA:306,235,0,0
BRDA:306,235,1,0
BRDA:306,236,0,0
BRDA:306,236,1,0
BRDA:306,237,0,0
BRDA:306,237,1,0
BRDA:306,238,0,0
BRDA:306,238,1,0
BRDA:306,239,0,0
BRDA:306,239,1,0
BRDA:306,240,0,0
BRDA:306,240,1,0
BRDA:306,241,0,0
BRDA:306,241,1,0
BRDA:306,242,0,0
BRDA:306,242,1,0
BRDA:306,242,2,0
BRDA:306,242,3,0
BRDA:306,242,4,0
BRDA:306,242,5,0
BRDA:306,242,6,0
BRDA:306,242,7,0
BRDA:306,242,8,0
BRDA:306,242,9,0
BRDA:306,242,10,0
BRDA:306,242,11,0
BRDA:306,242,12,0
BRDA:306,242,13,0
BRDA:306,242,14,0
BRDA:306,242,15,0
BRDA:306,242,16,0
BRDA:306,242,17,0
BRDA:306,242,18,0
BRDA:306,242,19,0
BRDA:306,242,20,0
BRDA:306,242,21,0
BRDA:306,242,22,0
BRDA:306,242,23,0
BRDA:306,242,24,0
BRDA:306,242,25,0
BRDA:306,242,26,0
BRDA:306,242,27,0
BRDA:347,243,0,0
BRDA:347,243,1,0
BRDA:347,244,0,0
BRDA:347,244,1,0
BRDA:347,245,0,0
BRDA:347,245,1,0
BRDA:358,246,0,0
BRDA:358,246,1,0
BRDA:358,247,0,0
BRDA:358,247,1,0
BRDA:358,248,0,0
BRDA:358,248,1,0
BRDA:358,249,0,0
BRDA:358,249,1,0
BRDA:358,250,0,0
BRDA:358,250,1,0
BRDA:358,250,2,0
BRDA:358,250,3,0
BRDA:367,251,0,0
BRDA:367,251,1,0
BRDA:367,252,0,0
BRDA:367,252,1,0
BRDA:375,253,0,0
BRDA:375,253,1,0
BRDA:375,254,0,0
BRDA:375,254,1,0
BRDA:375,255,0,0
BRDA:375,255,1,0
BRDA:383,256,0,0
BRDA:383,256,1,0
BRDA:383,257,0,0
BRDA:383,257,1,0
BRDA:383,257,2,0
BRDA:383,257,3,0
BRDA:395,258,0,0
BRDA:395,258,1,0
BRDA:401,259,0,16
BRDA:401,259,1,22
BRDA:401,260,0,6
BRDA:401,260,1,0
BRDA:401,260,2,0
BRDA:401,261,0,0
BRDA:401,261,1,6
BRDA:407,262,0,10
BRDA:407,262,1,10
BRDA:407,263,0,0
BRDA:407,263,1,10
BRDA:413,264,0,0
BRDA:413,264,1,0
BRDA:413,264,2,0
BRDA:413,265,0,0
BRDA:413,265,1,0
BRDA:413,265,2,0
BRDA:413,266,0,0
BRDA:413,266,1,0
BRDA:419,267,0,0
BRDA:419,267,1,0
BRDA:419,267,2,0
BRDA:419,268,0,0
BRDA:419,268,1,0
BRDA:419,269,0,0
BRDA:419,269,1,0
BRDA:428,270,0,5
BRDA:428,270,1,5
BRDA:428,271,0,8
BRDA:428,271,1,2
BRDA:428,272,0,8
BRDA:428,272,1,1
BRDA:428,273,0,1
BRDA:428,273,1,0
BRDA:428,274,0,0
BRDA:428,274,1,1
BRDA:428,275,0,1
BRDA:428,275,1,0
BRDA:428,276,0,0
BRDA:428,276,1,0
BRDA:434,277,0,0
BRDA:434,277,1,0
BRDA:434,278,0,0
BRDA:434,278,1,0
BRDA:443,279,0,0
BRDA:443,279,1,0
BRDA:452,280,0,0
BRDA:452,280,1,0
BRDA:452,281,0,0
BRDA:452,281,1,0
BRDA:452,282,0,0
BRDA:452,282,1,0
BRDA:452,283,0,0
BRDA:452,283,1,0
BRDA:452,284,0,0
BRDA:452,284,1,0
BRDA:452,285,0,0
BRDA:452,285,1,0
BRDA:452,285,2,0
BRDA:452,285,3,0
BRDA:452,286,0,0
BRDA:452,286,1,0
BRDA:452,287,0,0
BRDA:452,287,1,0
BRDA:452,288,0,0
BRDA:452,288,1,0
BRDA:452,289,0,0
BRDA:452,289,1,0
BRDA:452,290,0,0
BRDA:452,290,1,0
BRDA:452,291,0,0
BRDA:452,291,1,0
BRDA:452,292,0,0
BRDA:452,292,1,1
BRDA:452,293,0,1
BRDA:452,293,1,0
BRDA:452,294,0,0
BRDA:452,294,1,0
BRDA:452,295,0,1
BRDA:452,295,1,0
BRDA:510,296,0,29
BRDA:510,296,1,28
BRDA:510,297,0,0
BRDA:510,297,1,12
BRDA:510,298,0,12
BRDA:510,298,1,12
BRDA:510,299,0,12
BRDA:510,299,1,3
BRDA:510,299,2,2
BRDA:510,300,0,12
BRDA:510,300,1,0
BRDA:510,301,0,0
BRDA:510,301,1,0
BRDA:525,302,0,1
BRDA:525,302,1,0
BRDA:525,303,0,0
BRDA:525,303,1,1
BRDA:525,304,0,0
BRDA:525,304,1,0
BRDA:525,304,2,0
BRDA:525,305,0,0
BRDA:525,305,1,0
BRDA:525,306,0,0
BRDA:525,306,1,0
BRDA:525,307,0,0
BRDA:525,307,1,0
BRDA:525,308,0,0
BRDA:525,308,1,0
BRDA:525,308,2,0
BRDA:525,308,3,0
BRDA:525,308,4,0
BRDA:525,308,5,0
BRDA:525,309,0,0
BRDA:525,309,1,0
BRDA:525,310,0,0
BRDA:525,310,1,0
BRDA:525,311,0,0
BRDA:525,311,1,0
BRDA:525,312,0,0
BRDA:525,312,1,0
BRDA:525,313,0,0
BRDA:525,313,1,0
BRDA:525,314,0,0
BRDA:525,314,1,0
BRDA:525,315,0,0
BRDA:525,315,1,0
BRDA:525,316,0,0
BRDA:525,316,1,0
BRDA:525,317,0,0
BRDA:525,317,1,0
BRDA:525,318,0,0
BRDA:525,318,1,0
BRDA:525,319,0,0
BRDA:525,319,1,0
BRDA:525,320,0,0
BRDA:525,320,1,0
BRDA:525,321,0,0
BRDA:525,321,1,0
BRDA:525,321,2,0
BRDA:525,322,0,9
BRDA:525,322,1,0
BRDA:525,323,0,0
BRDA:525,323,1,9
BRDA:525,324,0,0
BRDA:525,324,1,0
BRDA:525,325,0,0
BRDA:525,325,1,0
BRDA:525,326,0,0
BRDA:525,326,1,0
BRDA:525,327,0,0
BRDA:525,327,1,0
BRDA:525,328,0,0
BRDA:525,328,1,0
BRDA:525,328,2,0
BRDA:525,328,3,0
BRDA:525,329,0,0
BRDA:525,329,1,0
BRDA:525,329,2,0
BRDA:525,330,0,0
BRDA:525,330,1,0
BRDA:525,331,0,0
BRDA:525,331,1,0
BRDA:525,331,2,0
BRDA:525,332,0,0
BRDA:525,332,1,0
BRDA:525,333,0,0
BRDA:525,333,1,0
BRDA:525,333,2,0
BRDA:525,334,0,0
BRDA:525,334,1,0
BRDA:525,335,0,0
BRDA:525,335,1,0
BRDA:525,336,0,0
BRDA:525,336,1,0
BRDA:525,337,0,0
BRDA:525,337,1,0
BRDA:525,338,0,0
BRDA:525,338,1,0
BRDA:525,339,0,0
BRDA:525,339,1,0
BRDA:525,340,0,0
BRDA:525,340,1,0
BRDA:525,341,0,0
BRDA:525,341,1,0
BRDA:525,342,0,0
BRDA:525,342,1,0
BRDA:525,342,2,0
BRDA:525,342,3,0
BRDA:525,343,0,0
BRDA:525,343,1,0
BRDA:525,343,2,0
BRDA:525,344,0,0
BRDA:525,344,1,0
BRDA:525,345,0,0
BRDA:525,345,1,0
BRDA:525,345,2,0
BRDA:525,346,0,0
BRDA:525,346,1,0
BRDA:525,347,0,0
BRDA:525,347,1,0
BRDA:525,347,2,0
BRDA:525,348,0,0
BRDA:525,348,1,0
BRDA:525,349,0,0
BRDA:525,349,1,0
BRDA:525,350,0,0
BRDA:525,350,1,0
BRDA:525,351,0,0
BRDA:525,351,1,0
BRDA:525,352,0,0
BRDA:525,352,1,0
BRDA:525,353,0,0
BRDA:525,353,1,0
BRDA:525,354,0,0
BRDA:525,354,1,0
BRDA:525,355,0,0
BRDA:525,355,1,0
BRDA:525,356,0,0
BRDA:525,356,1,0
BRDA:525,356,2,0
BRDA:525,356,3,0
BRDA:525,357,0,0
BRDA:525,357,1,0
BRDA:525,357,2,0
BRDA:525,358,0,0
BRDA:525,358,1,0
BRDA:525,359,0,0
BRDA:525,359,1,0
BRDA:525,359,2,0
BRDA:525,360,0,0
BRDA:525,360,1,0
BRDA:525,361,0,0
BRDA:525,361,1,0
BRDA:525,361,2,0
BRDA:525,362,0,0
BRDA:525,362,1,0
BRDA:525,363,0,0
BRDA:525,363,1,0
BRDA:525,364,0,0
BRDA:525,364,1,0
BRDA:525,365,0,0
BRDA:525,365,1,0
BRDA:525,366,0,0
BRDA:525,366,1,0
BRDA:525,367,0,0
BRDA:525,367,1,0
BRDA:525,368,0,0
BRDA:525,368,1,0
BRDA:525,369,0,0
BRDA:525,369,1,0
BRDA:525,370,0,0
BRDA:525,370,1,0
BRDA:525,370,2,0
BRDA:525,370,3,0
BRDA:525,371,0,0
BRDA:525,371,1,0
BRDA:525,371,2,0
BRDA:525,372,0,0
BRDA:525,372,1,0
BRDA:525,373,0,0
BRDA:525,373,1,0
BRDA:525,373,2,0
BRDA:525,374,0,0
BRDA:525,374,1,0
BRDA:525,375,0,0
BRDA:525,375,1,0
BRDA:525,375,2,0
BRDA:525,376,0,0
BRDA:525,376,1,0
BRDA:525,377,0,0
BRDA:525,377,1,0
BRDA:525,378,0,0
BRDA:525,378,1,0
BRDA:525,379,0,0
BRDA:525,379,1,0
BRDA:525,380,0,0
BRDA:525,380,1,0
BRDA:525,381,0,0
BRDA:525,381,1,0
BRDA:525,382,0,0
BRDA:525,382,1,0
BRDA:525,383,0,0
BRDA:525,383,1,0
BRDA:525,384,0,0
BRDA:525,384,1,0
BRDA:525,385,0,0
BRDA:525,385,1,0
BRDA:525,386,0,0
BRDA:525,386,1,0
BRDA:525,387,0,0
BRDA:525,387,1,0
BRDA:525,388,0,0
BRDA:525,388,1,0
BRDA:525,389,0,0
BRDA:525,389,1,0
BRDA:525,390,0,0
BRDA:525,390,1,0
BRDA:525,390,2,0
BRDA:525,391,0,0
BRDA:525,391,1,0
BRDA:525,392,0,0
BRDA:525,392,1,0
BRDA:525,393,0,0
BRDA:525,393,1,0
BRDA:525,394,0,0
BRDA:525,394,1,0
BRDA:525,395,0,0
BRDA:525,395,1,0
BRDA:525,396,0,0
BRDA:525,396,1,0
BRDA:525,397,0,0
BRDA:525,397,1,0
BRDA:525,398,0,0
BRDA:525,398,1,0
BRDA:525,399,0,0
BRDA:525,399,1,0
BRDA:525,400,0,0
BRDA:525,400,1,0
BRDA:525,401,0,0
BRDA:525,401,1,0
BRDA:525,401,2,0
BRDA:525,402,0,0
BRDA:525,402,1,0
BRDA:525,403,0,0
BRDA:525,403,1,0
BRDA:525,404,0,0
BRDA:525,404,1,0
BRDA:525,405,0,0
BRDA:525,405,1,0
BRDA:525,406,0,0
BRDA:525,406,1,0
BRDA:525,407,0,0
BRDA:525,407,1,0
BRDA:525,408,0,0
BRDA:525,408,1,0
BRDA:525,409,0,0
BRDA:525,409,1,0
BRDA:525,410,0,0
BRDA:525,410,1,0
BRDA:525,410,2,0
BRDA:525,411,0,0
BRDA:525,411,1,0
BRDA:525,412,0,0
BRDA:525,412,1,0
BRDA:525,413,0,0
BRDA:525,413,1,0
BRDA:525,414,0,0
BRDA:525,414,1,0
BRDA:525,415,0,0
BRDA:525,415,1,0
BRDA:525,416,0,0
BRDA:525,416,1,0
BRDA:525,417,0,0
BRDA:525,417,1,0
BRDA:525,417,2,0
BRDA:525,418,0,0
BRDA:525,418,1,0
BRDA:525,419,0,0
BRDA:525,419,1,0
BRDA:525,420,0,0
BRDA:525,420,1,0
BRDA:525,421,0,0
BRDA:525,421,1,0
BRDA:525,422,0,0
BRDA:525,422,1,0
BRDA:525,423,0,0
BRDA:525,423,1,0
BRDA:525,423,2,0
BRDA:525,424,0,0
BRDA:525,424,1,0
BRDA:525,425,0,0
BRDA:525,425,1,0
BRDA:525,426,0,0
BRDA:525,426,1,0
BRDA:525,427,0,0
BRDA:525,427,1,0
BRDA:525,428,0,0
BRDA:525,428,1,0
BRDA:525,429,0,0
BRDA:525,429,1,0
BRDA:525,430,0,0
BRDA:525,430,1,0
BRDA:525,431,0,0
BRDA:525,431,1,0
BRDA:525,432,0,0
BRDA:525,432,1,0
BRDA:525,433,0,0
BRDA:525,433,1,0
BRDA:525,434,0,1
BRDA:525,434,1,0
BRDA:525,435,0,1
BRDA:525,435,1,1
BRDA:525,436,0,1
BRDA:525,436,1,1
BRDA:525,436,2,0
BRDA:525,437,0,1
BRDA:525,437,1,1
BRDA:525,438,0,1
BRDA:525,438,1,0
BRDA:525,439,0,1
BRDA:525,439,1,0
BRDA:525,440,0,1
BRDA:525,440,1,0
BRDA:525,440,2,0
BRDA:525,441,0,0
BRDA:525,441,1,1
BRDA:525,442,0,1
BRDA:525,442,1,0
BRDA:525,443,0,1
BRDA:525,443,1,0
BRDA:525,444,0,0
BRDA:525,444,1,1
BRDA:525,445,0,0
BRDA:525,445,1,1
BRDA:525,446,0,1
BRDA:525,446,1,1
BRDA:525,447,0,0
BRDA:525,447,1,1
BRDA:525,448,0,1
BRDA:525,448,1,0
BRDA:525,449,0,0
BRDA:525,449,1,0
BRDA:525,450,0,0
BRDA:525,450,1,0
BRDA:525,451,0,0
BRDA:525,451,1,0
BRDA:525,452,0,0
BRDA:525,452,1,0
BRDA:525,453,0,0
BRDA:525,453,1,0
BRDA:525,454,0,0
BRDA:525,454,1,0
BRDA:525,455,0,0
BRDA:525,455,1,0
BRDA:525,456,0,0
BRDA:525,456,1,0
BRDA:525,457,0,0
BRDA:525,457,1,0
BRDA:525,458,0,0
BRDA:525,458,1,0
BRDA:525,459,0,0
BRDA:525,459,1,0
BRDA:525,460,0,0
BRDA:525,460,1,0
BRDA:525,461,0,0
BRDA:525,461,1,0
BRDA:525,462,0,0
BRDA:525,462,1,0
BRDA:525,463,0,0
BRDA:525,463,1,1
BRDA:525,464,0,1
BRDA:525,464,1,1
BRDA:525,465,0,0
BRDA:525,465,1,0
BRDA:525,466,0,0
BRDA:525,466,1,0
BRDA:525,467,0,0
BRDA:525,467,1,0
BRDA:525,468,0,0
BRDA:525,468,1,0
BRDA:525,469,0,1
BRDA:525,469,1,0
BRDA:525,469,2,0
BRDA:525,470,0,0
BRDA:525,470,1,0
BRDA:525,471,0,0
BRDA:525,471,1,0
BRDA:525,472,0,0
BRDA:525,472,1,0
BRDA:525,473,0,0
BRDA:525,473,1,0
BRDA:525,474,0,0
BRDA:525,474,1,0
BRDA:525,475,0,0
BRDA:525,475,1,0
BRDA:525,476,0,0
BRDA:525,476,1,0
BRDA:525,477,0,0
BRDA:525,477,1,0
BRDA:525,478,0,0
BRDA:525,478,1,0
BRDA:525,479,0,0
BRDA:525,479,1,0
BRDA:525,480,0,0
BRDA:525,480,1,0
BRDA:525,481,0,0
BRDA:525,481,1,0
BRDA:525,482,0,0
BRDA:525,482,1,0
BRDA:525,483,0,0
BRDA:525,483,1,0
BRDA:525,484,0,0
BRDA:525,484,1,0
BRDA:525,485,0,0
BRDA:525,485,1,0
BRDA:525,486,0,0
BRDA:525,486,1,0
BRDA:525,487,0,0
BRDA:525,487,1,0
BRDA:525,488,0,0
BRDA:525,488,1,0
BRDA:525,489,0,0
BRDA:525,489,1,0
BRDA:525,490,0,0
BRDA:525,490,1,0
BRDA:525,491,0,0
BRDA:525,491,1,0
BRDA:525,492,0,0
BRDA:525,492,1,0
BRDA:525,493,0,0
BRDA:525,493,1,0
BRDA:525,494,0,0
BRDA:525,494,1,0
BRDA:525,495,0,0
BRDA:525,495,1,0
BRDA:525,495,2,0
BRDA:525,495,3,0
BRDA:525,495,4,0
BRDA:525,495,5,0
BRDA:525,495,6,0
BRDA:525,495,7,1
BRDA:525,496,0,0
BRDA:525,496,1,1
BRDA:525,497,0,0
BRDA:525,497,1,1
BRDA:525,498,0,0
BRDA:525,498,1,0
BRDA:525,499,0,0
BRDA:525,499,1,0
BRDA:525,500,0,0
BRDA:525,500,1,0
BRDA:525,501,0,0
BRDA:525,501,1,0
BRDA:525,502,0,0
BRDA:525,502,1,0
BRDA:525,503,0,0
BRDA:525,503,1,0
BRDA:525,503,2,0
BRDA:525,503,3,0
BRDA:525,504,0,0
BRDA:525,504,1,0
BRDA:525,504,2,0
BRDA:525,504,3,0
BRDA:525,505,0,0
BRDA:525,505,1,0
BRDA:525,506,0,0
BRDA:525,506,1,0
BRDA:525,506,2,0
BRDA:525,506,3,0
BRDA:525,507,0,0
BRDA:525,507,1,0
BRDA:525,508,0,0
BRDA:525,508,1,0
BRDA:525,508,2,0
BRDA:525,509,0,0
BRDA:525,509,1,0
BRDA:525,510,0,0
BRDA:525,510,1,0
BRDA:525,511,0,0
BRDA:525,511,1,0
BRDA:525,512,0,0
BRDA:525,512,1,0
BRDA:525,513,0,0
BRDA:525,513,1,0
BRDA:525,514,0,0
BRDA:525,514,1,0
BRDA:525,515,0,0
BRDA:525,515,1,0
BRDA:525,516,0,0
BRDA:525,516,1,0
BRDA:525,517,0,0
BRDA:525,517,1,0
BRDA:525,518,0,0
BRDA:525,518,1,0
BRDA:525,519,0,0
BRDA:525,519,1,0
BRDA:525,520,0,0
BRDA:525,520,1,0
BRDA:525,521,0,0
BRDA:525,521,1,0
BRDA:525,522,0,0
BRDA:525,522,1,0
BRDA:525,523,0,0
BRDA:525,523,1,0
BRDA:525,524,0,0
BRDA:525,524,1,0
BRDA:525,525,0,0
BRDA:525,525,1,0
BRDA:525,526,0,0
BRDA:525,526,1,0
BRDA:525,527,0,0
BRDA:525,527,1,0
BRDA:525,528,0,0
BRDA:525,528,1,0
BRDA:525,529,0,0
BRDA:525,529,1,0
BRDA:525,530,0,0
BRDA:525,530,1,0
BRDA:525,531,0,0
BRDA:525,531,1,0
BRDA:525,532,0,0
BRDA:525,532,1,0
BRDA:525,533,0,0
BRDA:525,533,1,0
BRDA:525,534,0,0
BRDA:525,534,1,0
BRDA:525,535,0,0
BRDA:525,535,1,0
BRDA:525,536,0,0
BRDA:525,536,1,0
BRDA:525,537,0,0
BRDA:525,537,1,0
BRDA:531,538,0,0
BRDA:531,538,1,0
BRDA:531,539,0,0
BRDA:531,539,1,0
BRDA:537,540,0,0
BRDA:537,540,1,0
BRDA:537,541,0,0
BRDA:537,541,1,0
BRDA:537,541,2,0
BRDA:537,541,3,0
BRDA:537,541,4,0
BRDA:537,542,0,0
BRDA:537,542,1,0
BRDA:537,543,0,0
BRDA:537,543,1,0
BRDA:550,544,0,0
BRDA:550,544,1,0
BRDA:550,545,0,0
BRDA:550,545,1,0
BRDA:550,546,0,0
BRDA:550,546,1,0
BRDA:550,546,2,0
BRDA:550,547,0,0
BRDA:550,547,1,0
BRDA:550,547,2,0
BRDA:550,548,0,0
BRDA:550,548,1,0
BRDA:550,548,2,0
BRDA:550,548,3,0
BRDA:550,548,4,0
BRDA:550,548,5,0
BRDA:550,548,6,0
BRDA:550,548,7,0
BRDA:550,548,8,0
BRDA:550,549,0,0
BRDA:550,549,1,0
BRDA:550,550,0,0
BRDA:550,550,1,0
BRDA:550,550,2,0
BRDA:550,551,0,0
BRDA:550,551,1,0
BRDA:550,552,0,0
BRDA:550,552,1,0
BRDA:550,553,0,0
BRDA:550,553,1,0
BRDA:550,554,0,0
BRDA:550,554,1,0
BRDA:550,554,2,0
BRDA:550,555,0,0
BRDA:550,555,1,0
BRDA:550,556,0,0
BRDA:550,556,1,0
BRDA:550,557,0,0
BRDA:550,557,1,0
BRDA:550,558,0,0
BRDA:550,558,1,0
BRDA:550,558,2,0
BRDA:550,559,0,0
BRDA:550,559,1,0
BRDA:550,560,0,0
BRDA:550,560,1,0
BRDA:550,561,0,0
BRDA:550,561,1,0
BRDA:550,562,0,0
BRDA:550,562,1,0
BRDA:550,562,2,0
BRDA:550,563,0,0
BRDA:550,563,1,0
BRDA:550,564,0,0
BRDA:550,564,1,0
BRDA:550,565,0,0
BRDA:550,565,1,0
BRDA:550,566,0,0
BRDA:550,566,1,0
BRDA:550,566,2,0
BRDA:550,567,0,0
BRDA:550,567,1,0
BRDA:550,568,0,0
BRDA:550,568,1,0
BRDA:550,569,0,0
BRDA:550,569,1,0
BRDA:550,570,0,0
BRDA:550,570,1,0
BRDA:550,570,2,0
BRDA:550,571,0,0
BRDA:550,571,1,0
BRDA:550,572,0,0
BRDA:550,572,1,0
BRDA:550,573,0,0
BRDA:550,573,1,0
BRDA:550,574,0,0
BRDA:550,574,1,0
BRDA:550,575,0,0
BRDA:550,575,1,0
BRDA:550,576,0,0
BRDA:550,576,1,0
BRDA:565,577,0,0
BRDA:565,577,1,0
BRF:1300
BRH:171
end_of_record
